<?xml version="1.0" encoding="UTF-8"?>
<!-- Generated by org.testng.reporters.JUnitXMLReporter -->
<testsuite hostname="LAPTOP-26CN5CEH" ignored="0" name="Default test" tests="2" failures="0" timestamp="27 Aug 2018 11:01:29 GMT" time="11.776" errors="0">
  <testcase name="gotToUrl_1" time="1.44" classname="com.practicemavenproject.qa.SixTeenPersonalitiesWelcomeTest"/>
  <testcase name="gotToUrl_2" time="1.368" classname="com.practicemavenproject.qa.SixTeenPersonalitiesWelcomeTest"/>
</testsuite> <!-- Default test -->
